<?xml version="1.0" encoding="UTF-8"?>
<testsuite name="module_example.SeleniumTest" tests="1" skipped="0" failures="0" errors="0" timestamp="2022-02-08T05:06:32" hostname="DESKTOP-3TGDAGH" time="8.126">
  <properties/>
  <testcase name="projectIsConfigured(ChromeDriver)" classname="module_example.SeleniumTest" time="8.126"/>
  <system-out><![CDATA[]]></system-out>
  <system-err><![CDATA[SLF4J: Failed to load class "org.slf4j.impl.StaticLoggerBinder".
SLF4J: Defaulting to no-operation (NOP) logger implementation
SLF4J: See http://www.slf4j.org/codes.html#StaticLoggerBinder for further details.
Starting ChromeDriver 98.0.4758.80 (7f0488e8ba0d8e019187c6325a16c29d9b7f4989-refs/branch-heads/4758@{#972}) on port 65286
Only local connections are allowed.
Please see https://chromedriver.chromium.org/security-considerations for suggestions on keeping ChromeDriver safe.
ChromeDriver was started successfully.
????. 08, 2022 3:06:36 PM org.openqa.selenium.remote.ProtocolHandshake createSession
INFO: Detected dialect: W3C
????. 08, 2022 3:06:37 PM org.openqa.selenium.devtools.CdpVersionFinder findNearestMatch
WARNING: Unable to find an exact match for CDP version 98, so returning the closest version found: 97
????. 08, 2022 3:06:37 PM org.openqa.selenium.devtools.CdpVersionFinder findNearestMatch
INFO: Found CDP implementation for version 98 of 97
]]></system-err>
</testsuite>
